
  .   ____          _            __ _ _
 /\\ / ___'_ __ _ _(_)_ __  __ _ \ \ \ \
( ( )\___ | '_ | '_| | '_ \/ _` | \ \ \ \
 \\/  ___)| |_)| | | | | || (_| |  ) ) ) )
  '  |____| .__|_| |_|_| |_\__, | / / / /
 =========|_|==============|___/=/_/_/_/
 :: Spring Boot ::                (v3.0.2)

2026-03-10T15:48:11.281+08:00  INFO 4776 --- [           main] c.e.IronManagementBackendApplication     : Starting IronManagementBackendApplication using Java 17.0.11 with PID 4776 (D:\iscas2025\code\ironman\iron-management-backend\target\Iron_Management_Backend-0.0.1-SNAPSHOT.jar started by 86908 in D:\iscas2025\code\ironman\iron-management-backend)
2026-03-10T15:48:11.284+08:00  INFO 4776 --- [           main] c.e.IronManagementBackendApplication     : The following 1 profile is active: "dev"
2026-03-10T15:48:20.170+08:00  INFO 4776 --- [           main] o.s.b.w.embedded.tomcat.TomcatWebServer  : Tomcat initialized with port(s): 8888 (http)
2026-03-10T15:48:20.188+08:00  INFO 4776 --- [           main] o.apache.catalina.core.StandardService   : Starting service [Tomcat]
2026-03-10T15:48:20.188+08:00  INFO 4776 --- [           main] o.apache.catalina.core.StandardEngine    : Starting Servlet engine: [Apache Tomcat/10.1.5]
2026-03-10T15:48:20.263+08:00  INFO 4776 --- [           main] o.a.c.c.C.[Tomcat].[localhost].[/iron]   : Initializing Spring embedded WebApplicationContext
2026-03-10T15:48:20.266+08:00  INFO 4776 --- [           main] w.s.c.ServletWebServerApplicationContext : Root WebApplicationContext: initialization completed in 8932 ms
 _ _   |_  _ _|_. ___ _ |    _ 
| | |\/|_)(_| | |_\  |_)||_|_\ 
     /               |         
                        3.5.4.1 
2026-03-10T15:48:21.199+08:00  WARN 4776 --- [           main] ConfigServletWebServerApplicationContext : Exception encountered during context initialization - cancelling refresh attempt: org.springframework.context.ApplicationContextException: Failed to start bean 'webServerStartStop'
2026-03-10T15:48:21.213+08:00  INFO 4776 --- [           main] o.apache.catalina.core.StandardService   : Stopping service [Tomcat]
2026-03-10T15:48:21.229+08:00  INFO 4776 --- [           main] .s.b.a.l.ConditionEvaluationReportLogger : 

Error starting ApplicationContext. To display the condition evaluation report re-run your application with 'debug' enabled.
2026-03-10T15:48:21.250+08:00 ERROR 4776 --- [           main] o.s.b.d.LoggingFailureAnalysisReporter   : 

***************************
APPLICATION FAILED TO START
***************************

Description:

Web server failed to start. Port 8888 was already in use.

Action:

Identify and stop the process that's listening on port 8888 or configure this application to listen on another port.

